<?xml version="1.0" encoding="UTF-8"?>
<!-- Generated by org.testng.reporters.JUnitXMLReporter -->
<testsuite ignored="0" hostname="ZSCHN01LP0345" failures="0" tests="4" name="Default test" time="9.483" errors="0" timestamp="2024-02-15T10:19:37 IST">
  <testcase classname="testScripts.ArticleTest" name="loginTest" time="1.375"/>
  <testcase classname="testScripts.ArticleTest" name="newArticleTest" time="2.043"/>
  <testcase classname="testScripts.ArticleTest" name="updateArticleTest" time="1.615"/>
  <testcase classname="testScripts.ArticleTest" name="deleteArticleTest" time="0.847"/>
</testsuite> <!-- Default test -->
