<?xml version="1.0" encoding="UTF-8"?>
<!-- Generated by org.testng.reporters.JUnitXMLReporter -->
<testsuite ignored="0" hostname="ZSCHN01LP0345" failures="0" tests="6" name="Default test" time="14.561" errors="0" timestamp="2024-02-16T11:06:19 IST">
  <testcase classname="testScripts.ArticleTest" name="invalidLoginTest" time="1.564"/>
  <testcase classname="testScripts.ArticleTest" name="loginTest" time="1.484"/>
  <testcase classname="testScripts.ArticleTest" name="duplicateArticleTest" time="1.682"/>
  <testcase classname="testScripts.ArticleTest" name="newArticleTest" time="2.607"/>
  <testcase classname="testScripts.ArticleTest" name="updateArticleTest" time="1.599"/>
  <testcase classname="testScripts.ArticleTest" name="deleteArticleTest" time="1.086"/>
</testsuite> <!-- Default test -->
