<?xml version="1.0" encoding="UTF-8"?>
<testng-results ignored="0" total="4" passed="4" failed="0" skipped="0">
  <reporter-output>
  </reporter-output>
  <suite started-at="2024-02-15T10:19:28 IST" name="Default suite" finished-at="2024-02-15T10:19:37 IST" duration-ms="9483">
    <groups>
    </groups>
    <test started-at="2024-02-15T10:19:28 IST" name="Default test" finished-at="2024-02-15T10:19:37 IST" duration-ms="9483">
      <class name="testScripts.ArticleTest">
        <test-method is-config="true" signature="setup()[pri:0, instance:testScripts.ArticleTest@530a8454]" started-at="2024-02-15T10:19:28 IST" name="setup" finished-at="2024-02-15T10:19:30 IST" duration-ms="1973" status="PASS">
          <reporter-output>
          </reporter-output>
        </test-method> <!-- setup -->
        <test-method is-config="true" signature="setupExtent()[pri:0, instance:testScripts.ArticleTest@530a8454]" started-at="2024-02-15T10:19:30 IST" name="setupExtent" finished-at="2024-02-15T10:19:31 IST" duration-ms="789" status="PASS">
          <reporter-output>
          </reporter-output>
        </test-method> <!-- setupExtent -->
        <test-method signature="loginTest()[pri:1, instance:testScripts.ArticleTest@530a8454]" started-at="2024-02-15T10:19:31 IST" name="loginTest" finished-at="2024-02-15T10:19:32 IST" duration-ms="1375" status="PASS">
          <reporter-output>
          </reporter-output>
        </test-method> <!-- loginTest -->
        <test-method is-config="true" signature="teardown(org.testng.ITestResult)[pri:0, instance:testScripts.ArticleTest@530a8454]" started-at="2024-02-15T10:19:32 IST" name="teardown" finished-at="2024-02-15T10:19:32 IST" duration-ms="18" status="PASS">
          <params>
            <param index="0">
              <value>
                <![CDATA[[TestResult name=loginTest status=SUCCESS method=ArticleTest.loginTest()[pri:1, instance:testScripts.ArticleTest@530a8454] output={null}]]]>
              </value>
            </param>
          </params>
          <reporter-output>
          </reporter-output>
        </test-method> <!-- teardown -->
        <test-method signature="newArticleTest()[pri:2, instance:testScripts.ArticleTest@530a8454]" started-at="2024-02-15T10:19:32 IST" name="newArticleTest" finished-at="2024-02-15T10:19:34 IST" duration-ms="2043" status="PASS">
          <reporter-output>
          </reporter-output>
        </test-method> <!-- newArticleTest -->
        <test-method is-config="true" signature="teardown(org.testng.ITestResult)[pri:0, instance:testScripts.ArticleTest@530a8454]" started-at="2024-02-15T10:19:34 IST" name="teardown" finished-at="2024-02-15T10:19:34 IST" duration-ms="2" status="PASS">
          <params>
            <param index="0">
              <value>
                <![CDATA[[TestResult name=newArticleTest status=SUCCESS method=ArticleTest.newArticleTest()[pri:2, instance:testScripts.ArticleTest@530a8454] output={null}]]]>
              </value>
            </param>
          </params>
          <reporter-output>
          </reporter-output>
        </test-method> <!-- teardown -->
        <test-method signature="updateArticleTest()[pri:3, instance:testScripts.ArticleTest@530a8454]" started-at="2024-02-15T10:19:34 IST" name="updateArticleTest" finished-at="2024-02-15T10:19:36 IST" duration-ms="1615" status="PASS">
          <reporter-output>
          </reporter-output>
        </test-method> <!-- updateArticleTest -->
        <test-method is-config="true" signature="teardown(org.testng.ITestResult)[pri:0, instance:testScripts.ArticleTest@530a8454]" started-at="2024-02-15T10:19:36 IST" name="teardown" finished-at="2024-02-15T10:19:36 IST" duration-ms="1" status="PASS">
          <params>
            <param index="0">
              <value>
                <![CDATA[[TestResult name=updateArticleTest status=SUCCESS method=ArticleTest.updateArticleTest()[pri:3, instance:testScripts.ArticleTest@530a8454] output={null}]]]>
              </value>
            </param>
          </params>
          <reporter-output>
          </reporter-output>
        </test-method> <!-- teardown -->
        <test-method signature="deleteArticleTest()[pri:4, instance:testScripts.ArticleTest@530a8454]" started-at="2024-02-15T10:19:36 IST" name="deleteArticleTest" finished-at="2024-02-15T10:19:36 IST" duration-ms="847" status="PASS">
          <reporter-output>
          </reporter-output>
        </test-method> <!-- deleteArticleTest -->
        <test-method is-config="true" signature="teardown(org.testng.ITestResult)[pri:0, instance:testScripts.ArticleTest@530a8454]" started-at="2024-02-15T10:19:36 IST" name="teardown" finished-at="2024-02-15T10:19:36 IST" duration-ms="1" status="PASS">
          <params>
            <param index="0">
              <value>
                <![CDATA[[TestResult name=deleteArticleTest status=SUCCESS method=ArticleTest.deleteArticleTest()[pri:4, instance:testScripts.ArticleTest@530a8454] output={null}]]]>
              </value>
            </param>
          </params>
          <reporter-output>
          </reporter-output>
        </test-method> <!-- teardown -->
        <test-method is-config="true" signature="finishExtent()[pri:0, instance:testScripts.ArticleTest@530a8454]" started-at="2024-02-15T10:19:36 IST" name="finishExtent" finished-at="2024-02-15T10:19:37 IST" duration-ms="722" status="PASS">
          <reporter-output>
          </reporter-output>
        </test-method> <!-- finishExtent -->
      </class> <!-- testScripts.ArticleTest -->
    </test> <!-- Default test -->
  </suite> <!-- Default suite -->
</testng-results>
